<?xml version="1.0" encoding="UTF-8"?>
<!-- Generated by org.testng.reporters.JUnitXMLReporter -->
<testsuite ignored="0" hostname="DESKTOP-P2FITBV" failures="0" tests="5" name="Surefire test" time="78.052" errors="0" timestamp="2023-03-02T13:48:52 EST">
  <testcase classname="RahulShettyAcademy.Test.ErrorValidationsTest" name="loginerrorvalidation" time="0.733"/>
  <testcase classname="RahulShettyAcademy.Test.ErrorValidationsTest" name="productErrorvalidation" time="14.393"/>
  <testcase classname="RahulShettyAcademy.Test.SubmitOrderTest" name="submitOrder" time="15.395"/>
  <testcase classname="RahulShettyAcademy.Test.SubmitOrderTest" name="submitOrder" time="16.214"/>
  <testcase classname="RahulShettyAcademy.Test.SubmitOrderTest" name="orderHistoryTest" time="1.088"/>
</testsuite> <!-- Surefire test -->
