<?xml version="1.0" encoding="UTF-8"?>
<!-- Generated by org.testng.reporters.JUnitXMLReporter -->
<testsuite ignored="0" hostname="DESKTOP-P2FITBV" failures="1" tests="3" name="Submit Order Test" time="48.125" errors="0" timestamp="2023-02-23T10:48:12 EST">
  <testcase classname="RahulShettyAcademy.Test.SubmitOrderTest" name="submitOrder" time="15.505"/>
  <testcase classname="RahulShettyAcademy.Test.SubmitOrderTest" name="submitOrder" time="16.072"/>
  <testcase classname="RahulShettyAcademy.Test.SubmitOrderTest" name="orderHistoryTest" time="1.117">
    <failure type="java.lang.AssertionError" message="expected [true] but found [false]">
      <![CDATA[java.lang.AssertionError: expected [true] but found [false]
at RahulShettyAcademy.Test.SubmitOrderTest.orderHistoryTest(SubmitOrderTest.java:52)
at java.base/java.util.ArrayList.forEach(ArrayList.java:1511)
at java.base/java.util.concurrent.FutureTask.run(FutureTask.java:264)
at java.base/java.util.concurrent.ThreadPoolExecutor.runWorker(ThreadPoolExecutor.java:1136)
at java.base/java.util.concurrent.ThreadPoolExecutor$Worker.run(ThreadPoolExecutor.java:635)
at java.base/java.lang.Thread.run(Thread.java:833)
... Removed 22 stack frames]]>
    </failure>
  </testcase> <!-- orderHistoryTest -->
</testsuite> <!-- Submit Order Test -->
