<?xml version="1.0" encoding="UTF-8"?>
<testng-results ignored="0" total="5" passed="5" failed="0" skipped="0">
  <reporter-output>
  </reporter-output>
  <suite started-at="2023-03-02T13:47:34 EST" name="Surefire suite" finished-at="2023-03-02T13:48:52 EST" duration-ms="78052">
    <groups>
      <group name="ErrorHandling">
        <method signature="ErrorValidationsTest.loginerrorvalidation()[pri:0, instance:RahulShettyAcademy.Test.ErrorValidationsTest@62230c58]" name="loginerrorvalidation" class="RahulShettyAcademy.Test.ErrorValidationsTest"/>
      </group> <!-- ErrorHandling -->
      <group name="purchase">
        <method signature="SubmitOrderTest.submitOrder(java.util.HashMap)[pri:0, instance:RahulShettyAcademy.Test.SubmitOrderTest@550ee7e5]" name="submitOrder" class="RahulShettyAcademy.Test.SubmitOrderTest"/>
      </group> <!-- purchase -->
    </groups>
    <test started-at="2023-03-02T13:47:34 EST" name="Surefire test" finished-at="2023-03-02T13:48:52 EST" duration-ms="78052">
      <class name="RahulShettyAcademy.Test.SubmitOrderTest">
        <test-method is-config="true" signature="launchApplication()[pri:0, instance:RahulShettyAcademy.Test.SubmitOrderTest@550ee7e5]" started-at="2023-03-02T13:48:05 EST" name="launchApplication" finished-at="2023-03-02T13:48:10 EST" duration-ms="4984" status="PASS">
          <reporter-output>
          </reporter-output>
        </test-method> <!-- launchApplication -->
        <test-method signature="submitOrder(java.util.HashMap)[pri:0, instance:RahulShettyAcademy.Test.SubmitOrderTest@550ee7e5]" started-at="2023-03-02T13:48:10 EST" name="submitOrder" data-provider="getdata" finished-at="2023-03-02T13:48:25 EST" duration-ms="15395" status="PASS">
          <params>
            <param index="0">
              <value>
                <![CDATA[{password=lily71@LILY, product=zara coat 3, email=disha72@yahoo.com}]]>
              </value>
            </param>
          </params>
          <reporter-output>
          </reporter-output>
        </test-method> <!-- submitOrder -->
        <test-method is-config="true" signature="tearDown()[pri:0, instance:RahulShettyAcademy.Test.SubmitOrderTest@550ee7e5]" started-at="2023-03-02T13:48:25 EST" name="tearDown" finished-at="2023-03-02T13:48:25 EST" duration-ms="29" status="PASS">
          <reporter-output>
          </reporter-output>
        </test-method> <!-- tearDown -->
        <test-method is-config="true" signature="launchApplication()[pri:0, instance:RahulShettyAcademy.Test.SubmitOrderTest@550ee7e5]" started-at="2023-03-02T13:48:25 EST" name="launchApplication" finished-at="2023-03-02T13:48:30 EST" duration-ms="4701" status="PASS">
          <reporter-output>
          </reporter-output>
        </test-method> <!-- launchApplication -->
        <test-method signature="submitOrder(java.util.HashMap)[pri:0, instance:RahulShettyAcademy.Test.SubmitOrderTest@550ee7e5]" started-at="2023-03-02T13:48:30 EST" name="submitOrder" data-provider="getdata" finished-at="2023-03-02T13:48:46 EST" duration-ms="16214" status="PASS">
          <params>
            <param index="0">
              <value>
                <![CDATA[{password=Iamking@000, product=zara coat 3, email=anshika@gmail.com}]]>
              </value>
            </param>
          </params>
          <reporter-output>
          </reporter-output>
        </test-method> <!-- submitOrder -->
        <test-method is-config="true" signature="tearDown()[pri:0, instance:RahulShettyAcademy.Test.SubmitOrderTest@550ee7e5]" started-at="2023-03-02T13:48:46 EST" name="tearDown" finished-at="2023-03-02T13:48:46 EST" duration-ms="27" status="PASS">
          <reporter-output>
          </reporter-output>
        </test-method> <!-- tearDown -->
        <test-method is-config="true" signature="launchApplication()[pri:0, instance:RahulShettyAcademy.Test.SubmitOrderTest@550ee7e5]" started-at="2023-03-02T13:48:46 EST" name="launchApplication" finished-at="2023-03-02T13:48:51 EST" duration-ms="4924" status="PASS">
          <reporter-output>
          </reporter-output>
        </test-method> <!-- launchApplication -->
        <test-method signature="orderHistoryTest()[pri:0, instance:RahulShettyAcademy.Test.SubmitOrderTest@550ee7e5]" started-at="2023-03-02T13:48:51 EST" name="orderHistoryTest" finished-at="2023-03-02T13:48:52 EST" depends-on-methods="RahulShettyAcademy.Test.SubmitOrderTest.submitOrder" duration-ms="1088" status="PASS">
          <reporter-output>
          </reporter-output>
        </test-method> <!-- orderHistoryTest -->
        <test-method is-config="true" signature="tearDown()[pri:0, instance:RahulShettyAcademy.Test.SubmitOrderTest@550ee7e5]" started-at="2023-03-02T13:48:52 EST" name="tearDown" finished-at="2023-03-02T13:48:52 EST" duration-ms="18" status="PASS">
          <reporter-output>
          </reporter-output>
        </test-method> <!-- tearDown -->
      </class> <!-- RahulShettyAcademy.Test.SubmitOrderTest -->
      <class name="RahulShettyAcademy.Test.ErrorValidationsTest">
        <test-method is-config="true" signature="launchApplication()[pri:0, instance:RahulShettyAcademy.Test.ErrorValidationsTest@62230c58]" started-at="2023-03-02T13:47:34 EST" name="launchApplication" finished-at="2023-03-02T13:47:44 EST" duration-ms="10002" status="PASS">
          <reporter-output>
          </reporter-output>
        </test-method> <!-- launchApplication -->
        <test-method signature="loginerrorvalidation()[pri:0, instance:RahulShettyAcademy.Test.ErrorValidationsTest@62230c58]" started-at="2023-03-02T13:47:44 EST" name="loginerrorvalidation" finished-at="2023-03-02T13:47:45 EST" duration-ms="733" status="PASS">
          <reporter-output>
          </reporter-output>
        </test-method> <!-- loginerrorvalidation -->
        <test-method is-config="true" signature="tearDown()[pri:0, instance:RahulShettyAcademy.Test.ErrorValidationsTest@62230c58]" started-at="2023-03-02T13:47:45 EST" name="tearDown" finished-at="2023-03-02T13:47:45 EST" duration-ms="34" status="PASS">
          <reporter-output>
          </reporter-output>
        </test-method> <!-- tearDown -->
        <test-method is-config="true" signature="launchApplication()[pri:0, instance:RahulShettyAcademy.Test.ErrorValidationsTest@62230c58]" started-at="2023-03-02T13:47:45 EST" name="launchApplication" finished-at="2023-03-02T13:47:50 EST" duration-ms="5062" status="PASS">
          <reporter-output>
          </reporter-output>
        </test-method> <!-- launchApplication -->
        <test-method signature="productErrorvalidation()[pri:0, instance:RahulShettyAcademy.Test.ErrorValidationsTest@62230c58]" started-at="2023-03-02T13:47:50 EST" name="productErrorvalidation" finished-at="2023-03-02T13:48:05 EST" duration-ms="14393" status="PASS">
          <reporter-output>
          </reporter-output>
        </test-method> <!-- productErrorvalidation -->
        <test-method is-config="true" signature="tearDown()[pri:0, instance:RahulShettyAcademy.Test.ErrorValidationsTest@62230c58]" started-at="2023-03-02T13:48:05 EST" name="tearDown" finished-at="2023-03-02T13:48:05 EST" duration-ms="22" status="PASS">
          <reporter-output>
          </reporter-output>
        </test-method> <!-- tearDown -->
      </class> <!-- RahulShettyAcademy.Test.ErrorValidationsTest -->
    </test> <!-- Surefire test -->
  </suite> <!-- Surefire suite -->
</testng-results>
